<?xml version="1.0" encoding="UTF-8"?>
<!-- Generated by org.testng.reporters.JUnitReportReporter -->
<testsuite hostname="DESKTOP-5KN6EBV" failures="0" tests="1" name="GeoPack.HomePageTest" time="144.563" errors="0" timestamp="2020-05-21T21:35:21 IST" skipped="0">
  <testcase classname="GeoPack.HomePageTest" name="testing" time="144.563"/>
</testsuite> <!-- GeoPack.HomePageTest -->
