<?xml version="1.0" encoding="UTF-8"?>
<!-- Generated by org.testng.reporters.JUnitReportReporter -->
<testsuite hostname="DESKTOP-5KN6EBV" failures="0" tests="6" name="GeoPack.FreelancerTest" time="147.711" errors="0" timestamp="2020-05-16T17:51:05 IST" skipped="0">
  <testcase classname="GeoPack.FreelancerTest" name="FreelancerMonthly5000NoExtSupport" time="25.658"/>
  <testcase classname="GeoPack.FreelancerTest" name="FreelancerMonthly5000NoExtSupport" time="26.696"/>
  <testcase classname="GeoPack.FreelancerTest" name="FreelancerAnnually50000NoExtSupport" time="24.540"/>
  <testcase classname="GeoPack.FreelancerTest" name="FreelancerAnnually50000NoExtSupport" time="23.871"/>
  <testcase classname="GeoPack.FreelancerTest" name="FreelancerAnnually80000WithExtSupport" time="21.223"/>
  <testcase classname="GeoPack.FreelancerTest" name="FreelancerAnnually80000WithExtSupport" time="25.723"/>
</testsuite> <!-- GeoPack.FreelancerTest -->
