<?xml version="1.0" encoding="UTF-8"?>
<!-- Generated by org.testng.reporters.JUnitReportReporter -->
<testsuite hostname="DESKTOP-5KN6EBV" failures="0" tests="2" name="GeoPack.HomePageTest" time="0.160" errors="0" timestamp="2020-03-27T14:11:23 IST" skipped="0">
  <testcase classname="GeoPack.HomePageTest" name="logoValidation" time="0.078"/>
  <testcase classname="GeoPack.HomePageTest" name="HomeLinkValidation" time="0.082"/>
</testsuite> <!-- GeoPack.HomePageTest -->
