<?xml version="1.0" encoding="UTF-8"?>
<!-- Generated by org.testng.reporters.JUnitReportReporter -->
<testsuite hostname="DESKTOP-5KN6EBV" failures="0" tests="3" name="GeoPack.HomePageTest" time="0.310" errors="0" timestamp="2020-04-02T00:54:18 IST" skipped="0">
  <testcase classname="GeoPack.HomePageTest" name="HomeLinkValidation" time="0.227"/>
  <testcase classname="GeoPack.HomePageTest" name="SupportLinkValidation" time="0.044"/>
  <testcase classname="GeoPack.HomePageTest" name="logoValidation" time="0.039"/>
</testsuite> <!-- GeoPack.HomePageTest -->
