<?xml version="1.0" encoding="UTF-8"?>
<!-- Generated by org.testng.reporters.JUnitReportReporter -->
<testsuite hostname="DESKTOP-5KN6EBV" failures="0" tests="8" name="GeoPack.AgencyTest" time="190.673" errors="0" timestamp="2020-05-16T17:51:05 IST" skipped="0">
  <testcase classname="GeoPack.AgencyTest" name="AgencyMonthly10000SmallestNoExtSupport" time="21.484"/>
  <testcase classname="GeoPack.AgencyTest" name="AgencyMonthly10000SmallestNoExtSupport" time="26.032"/>
  <testcase classname="GeoPack.AgencyTest" name="AgencyAnnually80000NoExtSupport" time="25.790"/>
  <testcase classname="GeoPack.AgencyTest" name="AgencyAnnually80000NoExtSupport" time="21.232"/>
  <testcase classname="GeoPack.AgencyTest" name="AgencyMonthly350000WithExtSupport" time="28.035"/>
  <testcase classname="GeoPack.AgencyTest" name="AgencyMonthly350000WithExtSupport" time="21.245"/>
  <testcase classname="GeoPack.AgencyTest" name="AgencyAnnually750000WithExtSupport" time="21.070"/>
  <testcase classname="GeoPack.AgencyTest" name="AgencyAnnually750000WithExtSupport" time="25.785"/>
</testsuite> <!-- GeoPack.AgencyTest -->
