<?xml version="1.0" encoding="UTF-8"?>
<!-- Generated by org.testng.reporters.JUnitReportReporter -->
<testsuite hostname="DESKTOP-5KN6EBV" failures="0" tests="1" name="GeoPack.ArrayList1" time="15.584" errors="0" timestamp="2020-04-05T17:51:36 IST" skipped="0">
  <testcase classname="GeoPack.ArrayList1" name="checkoutProcess" time="15.584"/>
</testsuite> <!-- GeoPack.ArrayList1 -->
