<?xml version="1.0" encoding="UTF-8"?>
<!-- Generated by org.testng.reporters.JUnitReportReporter -->
<testsuite hostname="DESKTOP-5KN6EBV" failures="0" tests="1" name="GeoPack.AgencyTest" time="22.124" errors="0" timestamp="2020-05-30T00:47:10 IST" skipped="0">
  <testcase classname="GeoPack.AgencyTest" name="AgencyMonthly500000WithExtSupport" time="22.124"/>
</testsuite> <!-- GeoPack.AgencyTest -->
