<?xml version="1.0" encoding="UTF-8"?>
<!-- Generated by org.testng.reporters.JUnitReportReporter -->
<testsuite hostname="DESKTOP-5KN6EBV" failures="0" tests="2" name="GeoPack.ProductTest" time="5.160" errors="0" timestamp="2020-04-02T23:38:48 IST" skipped="0">
  <testcase classname="GeoPack.ProductTest" name="GetPlans" time="5.017"/>
  <testcase classname="GeoPack.ProductTest" name="selectPlan" time="0.143"/>
</testsuite> <!-- GeoPack.ProductTest -->
