<?xml version="1.0" encoding="UTF-8"?>
<!-- Generated by org.testng.reporters.JUnitReportReporter -->
<testsuite hostname="DESKTOP-5KN6EBV" failures="0" tests="1" name="GeoPack.ProductTest" time="15.387" errors="0" timestamp="2020-04-05T19:47:04 IST" skipped="0">
  <testcase classname="GeoPack.ProductTest" name="checkoutProcess" time="15.387"/>
</testsuite> <!-- GeoPack.ProductTest -->
