<?xml version="1.0" encoding="UTF-8"?>
<!-- Generated by org.testng.reporters.JUnitReportReporter -->
<testsuite hostname="DESKTOP-5KN6EBV" failures="0" tests="1" name="GeoPack.HomePageTest" time="0.729" errors="0" timestamp="2020-05-22T13:55:43 IST" skipped="0">
  <testcase classname="GeoPack.HomePageTest" name="testing" time="0.729"/>
</testsuite> <!-- GeoPack.HomePageTest -->
