<?xml version="1.0" encoding="UTF-8"?>
<!-- Generated by org.testng.reporters.JUnitReportReporter -->
<testsuite hostname="DESKTOP-5KN6EBV" failures="0" tests="3" name="GeoPack.HomePageTest" time="0.236" errors="0" timestamp="2020-04-02T20:16:13 IST" skipped="0">
  <testcase classname="GeoPack.HomePageTest" name="logoValidation" time="0.121"/>
  <testcase classname="GeoPack.HomePageTest" name="HomeLinkValidation" time="0.075"/>
  <testcase classname="GeoPack.HomePageTest" name="SupportLinkValidation" time="0.040"/>
</testsuite> <!-- GeoPack.HomePageTest -->
