<?xml version="1.0" encoding="UTF-8"?>
<!-- Generated by org.testng.reporters.JUnitReportReporter -->
<testsuite hostname="DESKTOP-5KN6EBV" failures="0" tests="3" name="GeoPack.HomePageTest" time="1.054" errors="0" timestamp="2020-04-02T23:38:48 IST" skipped="0">
  <testcase classname="GeoPack.HomePageTest" name="SupportLinkValidation" time="0.049"/>
  <testcase classname="GeoPack.HomePageTest" name="logoValidation" time="0.805"/>
  <testcase classname="GeoPack.HomePageTest" name="HomeLinkValidation" time="0.200"/>
</testsuite> <!-- GeoPack.HomePageTest -->
