<?xml version="1.0" encoding="UTF-8"?>
<!-- Generated by org.testng.reporters.JUnitReportReporter -->
<testsuite hostname="DESKTOP-5KN6EBV" failures="0" tests="16" name="geoPackTest.FreelancerTest" time="334.343" errors="0" timestamp="2020-05-31T17:46:55 IST" skipped="0">
  <testcase classname="geoPackTest.FreelancerTest" name="FreelancerMonthly5000NoExtSupport" time="19.269"/>
  <testcase classname="geoPackTest.FreelancerTest" name="FreelancerMonthly5000WithExtSupport" time="18.732"/>
  <testcase classname="geoPackTest.FreelancerTest" name="FreelancerAnnually5000NoExtSupport" time="22.923"/>
  <testcase classname="geoPackTest.FreelancerTest" name="FreelancerAnnually5000WithExtSupport" time="18.629"/>
  <testcase classname="geoPackTest.FreelancerTest" name="FreelancerMonthly30000NoExtSupport" time="24.927"/>
  <testcase classname="geoPackTest.FreelancerTest" name="FreelancerMonthly30000WithExtSupport" time="20.319"/>
  <testcase classname="geoPackTest.FreelancerTest" name="FreelancerAnnually30000NoExtSupport" time="27.481"/>
  <testcase classname="geoPackTest.FreelancerTest" name="FreelancerAnnually30000WithExtSupport" time="18.844"/>
  <testcase classname="geoPackTest.FreelancerTest" name="FreelancerMonthly50000NoExtSupport" time="25.948"/>
  <testcase classname="geoPackTest.FreelancerTest" name="FreelancerMonthly50000WithExtSupport" time="19.988"/>
  <testcase classname="geoPackTest.FreelancerTest" name="FreelancerAnnually50000NoExtSupport" time="19.040"/>
  <testcase classname="geoPackTest.FreelancerTest" name="FreelancerAnnually50000WithExtSupport" time="21.263"/>
  <testcase classname="geoPackTest.FreelancerTest" name="FreelancerMonthly80000NoExtSupport" time="19.212"/>
  <testcase classname="geoPackTest.FreelancerTest" name="FreelancerMonthly80000WithExtSupport" time="19.021"/>
  <testcase classname="geoPackTest.FreelancerTest" name="FreelancerAnnually80000NoExtSupport" time="19.073"/>
  <testcase classname="geoPackTest.FreelancerTest" name="FreelancerAnnually80000WithExtSupport" time="19.674"/>
</testsuite> <!-- geoPackTest.FreelancerTest -->
