<?xml version="1.0" encoding="UTF-8"?>
<!-- Generated by org.testng.reporters.JUnitReportReporter -->
<testsuite hostname="DESKTOP-5KN6EBV" failures="0" tests="6" name="GeoPack.AgencyTest" time="230.912" errors="0" timestamp="2020-05-15T17:39:45 IST" skipped="0">
  <testcase classname="GeoPack.AgencyTest" name="AgencyMonthly10000SmallestNoExtSupport" time="42.815"/>
  <testcase classname="GeoPack.AgencyTest" name="AgencyMonthly20000WithExtSupport" time="32.244"/>
  <testcase classname="GeoPack.AgencyTest" name="AgencyAnnually160000WithExtSupport" time="42.267"/>
  <testcase classname="GeoPack.AgencyTest" name="AgencyMonthly350000WithExtSupport" time="36.151"/>
  <testcase classname="GeoPack.AgencyTest" name="AgencyAnnually750000WithExtSupport" time="36.794"/>
  <testcase classname="GeoPack.AgencyTest" name="AgencyMonthly1000000NoExtSupport" time="40.641"/>
</testsuite> <!-- GeoPack.AgencyTest -->
