<?xml version="1.0" encoding="UTF-8"?>
<!-- Generated by org.testng.reporters.JUnitReportReporter -->
<testsuite hostname="DESKTOP-5KN6EBV" failures="0" tests="4" name="GeoPack.FreelancerTest" time="156.630" errors="0" timestamp="2020-05-15T17:39:45 IST" skipped="0">
  <testcase classname="GeoPack.FreelancerTest" name="FreelancerMonthly5000NoExtSupport" time="33.699"/>
  <testcase classname="GeoPack.FreelancerTest" name="fFreelancerMonthly30000WithExtSupport" time="42.863"/>
  <testcase classname="GeoPack.FreelancerTest" name="kFreelancerAnnually50000NoExtSupport" time="36.473"/>
  <testcase classname="GeoPack.FreelancerTest" name="FreelancerAnnually80000WithExtSupport" time="43.595"/>
</testsuite> <!-- GeoPack.FreelancerTest -->
