<?xml version="1.0" encoding="UTF-8"?>
<!-- Generated by org.testng.reporters.JUnitReportReporter -->
<testsuite hostname="DESKTOP-5KN6EBV" failures="0" tests="1" name="GeoPack.HomePageValidations" time="0.088" errors="0" timestamp="2020-03-27T00:02:47 IST" skipped="0">
  <testcase classname="GeoPack.HomePageValidations" name="logoValidation" time="0.088"/>
</testsuite> <!-- GeoPack.HomePageValidations -->
