<?xml version="1.0" encoding="UTF-8"?>
<!-- Generated by org.testng.reporters.JUnitReportReporter -->
<testsuite hostname="DESKTOP-5KN6EBV" failures="0" tests="1" name="GeoPack.BaseTest" time="8.364" errors="0" timestamp="2020-03-26T22:50:36 IST" skipped="0">
  <testcase classname="GeoPack.BaseTest" name="initializeDriver" time="8.364"/>
</testsuite> <!-- GeoPack.BaseTest -->
