<?xml version="1.0" encoding="UTF-8"?>
<!-- Generated by org.testng.reporters.JUnitReportReporter -->
<testsuite hostname="DESKTOP-5KN6EBV" failures="0" tests="1" name="GeoPack.Class1" time="0.117" errors="0" timestamp="2020-04-15T21:32:04 IST" skipped="0">
  <testcase classname="GeoPack.Class1" name="getTest1" time="0.117"/>
</testsuite> <!-- GeoPack.Class1 -->
